<?xml version="1.0" encoding="UTF-8"?>
<testsuite hostname="Christians-MacBook-Pro-2.local" name="swk.EfficientPhoneListTest" tests="5" failures="0" timestamp="17 Oct 2013 20:30:49 GMT" time="24.114" errors="0">
  <testcase name="testAddSingleNumberIsValid" time="0.01" classname="swk.EfficientPhoneListTest"/>
  <testcase name="testAddThreeInvalidNumbersInOtherOrderIsInvalid" time="0.001" classname="swk.EfficientPhoneListTest"/>
  <testcase name="testAddThreeInvalidNumbersIsInvalid" time="0.001" classname="swk.EfficientPhoneListTest"/>
  <testcase name="testAddTwoValidNumbersIsValid" time="0.0" classname="swk.EfficientPhoneListTest"/>
  <testcase name="testPerformanceOfList" time="24.094" classname="swk.EfficientPhoneListTest"/>
</testsuite>
