<?xml version="1.0" encoding="UTF-8"?>
<testng-results skipped="0" failed="0" total="5" passed="5">
  <reporter-output>
  </reporter-output>
  <suite name="Command line suite" duration-ms="24114" started-at="2013-10-17T22:30:24Z" finished-at="2013-10-17T22:30:48Z">
    <groups>
    </groups>
    <test name="Command line test" duration-ms="24114" started-at="2013-10-17T22:30:24Z" finished-at="2013-10-17T22:30:48Z">
      <class name="swk.EfficientPhoneListTest">
        <test-method status="PASS" signature="testAddSingleNumberIsValid()" name="testAddSingleNumberIsValid" duration-ms="10" started-at="2013-10-17T22:30:24Z" finished-at="2013-10-17T22:30:24Z">
        </test-method>
        <test-method status="PASS" signature="testAddThreeInvalidNumbersInOtherOrderIsInvalid()" name="testAddThreeInvalidNumbersInOtherOrderIsInvalid" duration-ms="1" started-at="2013-10-17T22:30:24Z" finished-at="2013-10-17T22:30:24Z">
        </test-method>
        <test-method status="PASS" signature="testAddThreeInvalidNumbersIsInvalid()" name="testAddThreeInvalidNumbersIsInvalid" duration-ms="1" started-at="2013-10-17T22:30:24Z" finished-at="2013-10-17T22:30:24Z">
        </test-method>
        <test-method status="PASS" signature="testAddTwoValidNumbersIsValid()" name="testAddTwoValidNumbersIsValid" duration-ms="0" started-at="2013-10-17T22:30:24Z" finished-at="2013-10-17T22:30:24Z">
        </test-method>
        <test-method status="PASS" signature="testPerformanceOfList()" name="testPerformanceOfList" duration-ms="24094" started-at="2013-10-17T22:30:24Z" finished-at="2013-10-17T22:30:48Z">
        </test-method>
      </class>
    </test>
  </suite>
</testng-results>
